2.54591 2.26975 2.64528 0.0338805 0.0176809 -0.0253052 -4.51884e+06 -4.51884e+06 -4.51884e+06 -4.51884e+06 -4.51884e+06 -4.51884e+06
2.06785 2.28403 2.1364 0.0412464 -0.0071252 -0.00917766 -4.51884e+06 -4.51884e+06 -4.51884e+06 -4.51884e+06 -4.51884e+06 -4.51884e+06
2.45402 2.47108 2.35586 0.0226177 0.00744952 0.0153227 -4.51884e+06 -4.51884e+06 -4.51884e+06 -4.51884e+06 -4.51884e+06 -4.51884e+06
1.96664 2.29242 2.1666 0.00773241 0.00831635 -0.0113234 -4.51884e+06 -4.51884e+06 -4.51884e+06 -4.51884e+06 -4.51884e+06 -4.51884e+06
2.61195 2.34779 2.54038 -0.00962521 -0.0271342 0.0192006 -4.51884e+06 -4.51884e+06 -4.51884e+06 -4.51884e+06 -4.51884e+06 -4.51884e+06
2.25224 2.58501 2.38232 -0.00211618 0.0302492 0.00346185 -4.51884e+06 -4.51884e+06 -4.51884e+06 -4.51884e+06 -4.51884e+06 -4.51884e+06
2.3319 2.22077 2.32846 0.00254495 -0.0214384 -0.00423726 -4.51884e+06 -4.51884e+06 -4.51884e+06 -4.51884e+06 -4.51884e+06 -4.51884e+06
2.01294 2.00867 1.98365 0.0168827 -0.0111021 0.00263133 -4.51884e+06 -4.51884e+06 -4.51884e+06 -4.51884e+06 -4.51884e+06 -4.51884e+06
2.40407 2.45435 2.28497 0.00279542 0.00865785 0.010221 -4.51884e+06 -4.51884e+06 -4.51884e+06 -4.51884e+06 -4.51884e+06 -4.51884e+06
2.11906 2.31302 2.05906 -0.0219024 0.0390926 0.00683959 -4.51884e+06 -4.51884e+06 -4.51884e+06 -4.51884e+06 -4.51884e+06 -4.51884e+06
2.16941 2.216 2.06374 -0.0218886 -0.000137633 0.00284603 -4.51884e+06 -4.51884e+06 -4.51884e+06 -4.51884e+06 -4.51884e+06 -4.51884e+06
2.68046 2.62344 2.84244 0.032478 0.070205 0.0323098 -4.51884e+06 -4.51884e+06 -4.51884e+06 -4.51884e+06 -4.51884e+06 -4.51884e+06
2.19545 2.48733 2.44302 0.00508351 -0.0110566 -0.0141571 -4.51884e+06 -4.51884e+06 -4.51884e+06 -4.51884e+06 -4.51884e+06 -4.51884e+06
1.52932 1.52984 1.52775 0.00011254 -6.75212e-05 0.00012395 -4.51884e+06 -4.51884e+06 -4.51884e+06 -4.51884e+06 -4.51884e+06 -4.51884e+06
1.52863 1.52928 1.52839 3.85464e-05 6.10208e-06 -3.90656e-05 -4.51884e+06 -4.51884e+06 -4.51884e+06 -4.51884e+06 -4.51884e+06 -4.51884e+06
2.16715 2.18255 2.22529 0.00618627 -0.019033 -0.0256375 -4.51884e+06 -4.51884e+06 -4.51884e+06 -4.51884e+06 -4.51884e+06 -4.51884e+06
2.1491 2.02126 2.11911 0.00316892 -0.0181183 -0.00178243 -4.51884e+06 -4.51884e+06 -4.51884e+06 -4.51884e+06 -4.51884e+06 -4.51884e+06
2.45079 2.30612 2.86212 -0.0451265 0.0246223 -0.0629913 -4.51884e+06 -4.51884e+06 -4.51884e+06 -4.51884e+06 -4.51884e+06 -4.51884e+06
1.52778 1.52953 1.5297 -2.46687e-05 0.000141236 0.000106061 -4.51884e+06 -4.51884e+06 -4.51884e+06 -4.51884e+06 -4.51884e+06 -4.51884e+06
1.52805 1.52966 1.52877 3.26259e-06 3.81801e-05 2.74882e-05 -4.51884e+06 -4.51884e+06 -4.51884e+06 -4.51884e+06 -4.51884e+06 -4.51884e+06
2.13199 2.25331 2.0958 -0.0200804 0.0450967 -0.00492215 -4.51884e+06 -4.51884e+06 -4.51884e+06 -4.51884e+06 -4.51884e+06 -4.51884e+06
2.89074 2.61534 2.54193 -0.0190157 0.0683321 0.0237145 -4.51884e+06 -4.51884e+06 -4.51884e+06 -4.51884e+06 -4.51884e+06 -4.51884e+06
2.18557 2.16362 2.21113 -0.0122071 -0.00421288 0.00798232 -4.51884e+06 -4.51884e+06 -4.51884e+06 -4.51884e+06 -4.51884e+06 -4.51884e+06
2.13511 2.16609 2.17301 0.00346129 -0.00519313 0.00965932 -4.51884e+06 -4.51884e+06 -4.51884e+06 -4.51884e+06 -4.51884e+06 -4.51884e+06
2.6667 2.4986 2.6796 0.010757 -0.00147139 -0.0066238 -4.51884e+06 -4.51884e+06 -4.51884e+06 -4.51884e+06 -4.51884e+06 -4.51884e+06
