0.5634 0.502287 0.585389 0.00749761 0.0039127 -0.00559993 -1e+06 -1e+06 -1e+06 -1e+06 -1e+06 -1e+06
0.457606 0.505447 0.472776 0.00912766 -0.00157678 -0.00203098 -1e+06 -1e+06 -1e+06 -1e+06 -1e+06 -1e+06
0.543064 0.54684 0.521343 0.0050052 0.00164855 0.00339084 -1e+06 -1e+06 -1e+06 -1e+06 -1e+06 -1e+06
0.435209 0.507304 0.479459 0.00171115 0.00184037 -0.00250583 -1e+06 -1e+06 -1e+06 -1e+06 -1e+06 -1e+06
0.578014 0.519556 0.562175 -0.00213002 -0.00600469 0.00424901 -1e+06 -1e+06 -1e+06 -1e+06 -1e+06 -1e+06
0.498412 0.572052 0.527198 -0.000468302 0.00669403 0.000766092 -1e+06 -1e+06 -1e+06 -1e+06 -1e+06 -1e+06
0.51604 0.491446 0.515279 0.000563188 -0.00474422 -0.000937688 -1e+06 -1e+06 -1e+06 -1e+06 -1e+06 -1e+06
0.445455 0.44451 0.438975 0.00373608 -0.00245686 0.000582302 -1e+06 -1e+06 -1e+06 -1e+06 -1e+06 -1e+06
0.532011 0.543139 0.505655 0.000618615 0.00191595 0.00226186 -1e+06 -1e+06 -1e+06 -1e+06 -1e+06 -1e+06
0.468938 0.511862 0.455661 -0.00484692 0.00865103 0.00151357 -1e+06 -1e+06 -1e+06 -1e+06 -1e+06 -1e+06
0.480082 0.490393 0.456697 -0.00484385 -3.04576e-05 0.000629816 -1e+06 -1e+06 -1e+06 -1e+06 -1e+06 -1e+06
0.593175 0.580557 0.629021 0.00718725 0.0155361 0.00715002 -1e+06 -1e+06 -1e+06 -1e+06 -1e+06 -1e+06
0.485843 0.550436 0.540629 0.00112496 -0.00244679 -0.00313291 -1e+06 -1e+06 -1e+06 -1e+06 -1e+06 -1e+06
0.338433 0.338547 0.338086 2.49047e-05 -1.49422e-05 2.74296e-05 -1e+06 -1e+06 -1e+06 -1e+06 -1e+06 -1e+06
0.33828 0.338424 0.338226 8.53016e-06 1.35037e-06 -8.64505e-06 -1e+06 -1e+06 -1e+06 -1e+06 -1e+06 -1e+06
0.479581 0.482989 0.492448 0.001369 -0.00421193 -0.00567347 -1e+06 -1e+06 -1e+06 -1e+06 -1e+06 -1e+06
0.475588 0.447296 0.46895 0.000701269 -0.0040095 -0.000394445 -1e+06 -1e+06 -1e+06 -1e+06 -1e+06 -1e+06
0.542349 0.510334 0.633376 -0.00998631 0.00544882 -0.0139397 -1e+06 -1e+06 -1e+06 -1e+06 -1e+06 -1e+06
0.338092 0.338478 0.338517 -5.45907e-06 3.12549e-05 2.34709e-05 -1e+06 -1e+06 -1e+06 -1e+06 -1e+06 -1e+06
0.338152 0.338508 0.338311 7.21999e-07 8.44909e-06 6.08302e-06 -1e+06 -1e+06 -1e+06 -1e+06 -1e+06 -1e+06
0.471802 0.498649 0.463792 -0.00444372 0.00997971 -0.00108925 -1e+06 -1e+06 -1e+06 -1e+06 -1e+06 -1e+06
0.639708 0.578765 0.562519 -0.00420811 0.0151216 0.00524792 -1e+06 -1e+06 -1e+06 -1e+06 -1e+06 -1e+06
0.483659 0.478801 0.489314 -0.00270138 -0.000932293 0.00176645 -1e+06 -1e+06 -1e+06 -1e+06 -1e+06 -1e+06
0.472491 0.479346 0.480877 0.00076597 -0.00114922 0.00213757 -1e+06 -1e+06 -1e+06 -1e+06 -1e+06 -1e+06
0.590129 0.552929 0.592985 0.00238048 -0.000325612 -0.00146582 -1e+06 -1e+06 -1e+06 -1e+06 -1e+06 -1e+06
